Change Component Footprint: Designator=C1 Old Footprint=CC1005-0402 New Footprint=CC2012-0805
Change Component Footprint: Designator=C2 Old Footprint=CC1005-0402 New Footprint=CC2012-0805
Change Component Footprint: Designator=C3 Old Footprint=CC1005-0402 New Footprint=CC2012-0805
Change Component Footprint: Designator=C4 Old Footprint=CC1005-0402 New Footprint=CC2012-0805
Change Component Footprint: Designator=C5 Old Footprint=CC1005-0402 New Footprint=CC2012-0805
Change Component Footprint: Designator=C6 Old Footprint=CC1005-0402 New Footprint=CC2012-0805
Change Component Footprint: Designator=C7 Old Footprint=CC1005-0402 New Footprint=CC2012-0805
Change Component Footprint: Designator=C8 Old Footprint=CC1005-0402 New Footprint=CC2012-0805
Change Component Footprint: Designator=C9 Old Footprint=CC1005-0402 New Footprint=CC2012-0805
Change Component Footprint: Designator=C10 Old Footprint=CC1005-0402 New Footprint=CC2012-0805
Change Component Footprint: Designator=C11 Old Footprint=CC1005-0402 New Footprint=CC2012-0805
Change Component Footprint: Designator=C12 Old Footprint=CC1005-0402 New Footprint=CC2012-0805
Change Component Footprint: Designator=C13 Old Footprint=CC1005-0402 New Footprint=CC2012-0805
Change Component Footprint: Designator=C14 Old Footprint=CC1005-0402 New Footprint=CC2012-0805
Change Component Footprint: Designator=C15 Old Footprint=CC1005-0402 New Footprint=CC2012-0805
Change Component Footprint: Designator=C16 Old Footprint=CC1005-0402 New Footprint=CC2012-0805
Change Component Footprint: Designator=C17 Old Footprint=CC1005-0402 New Footprint=CC2012-0805
Change Component Footprint: Designator=C18 Old Footprint=CC1005-0402 New Footprint=CC2012-0805
Change Component Footprint: Designator=C19 Old Footprint=CC1005-0402 New Footprint=CC2012-0805
Change Component Footprint: Designator=C20 Old Footprint=CC1005-0402 New Footprint=CC2012-0805
Change Component Footprint: Designator=C21 Old Footprint=CC1005-0402 New Footprint=CC2012-0805
Change Component Footprint: Designator=C22 Old Footprint=CC1005-0402 New Footprint=CC2012-0805
Change Component Footprint: Designator=C23 Old Footprint=CC1005-0402 New Footprint=CC2012-0805
Change Component Footprint: Designator=C24 Old Footprint=CC1005-0402 New Footprint=CC2012-0805
Change Component Footprint: Designator=C25 Old Footprint=CC1005-0402 New Footprint=CC2012-0805
Change Component Footprint: Designator=1 Old Footprint=CR1608-0603 New Footprint=CR2012-0805
Change Component Footprint: Designator=2 Old Footprint=CR1608-0603 New Footprint=CR2012-0805
Change Component Footprint: Designator=56R Old Footprint=CR1608-0603 New Footprint=CR2012-0805
Change Component Footprint: Designator=PIR Old Footprint=LOCKEDHDR-3 New Footprint=HDR1X3
Change Component Footprint: Designator=MIC Old Footprint=LOCKEDHDR-4 New Footprint=HDR1X4
