Removed Pin From Net: NetName=5V Pin=RGB_I2C-1
Removed Pin From Net: NetName=I2C2_SCL Pin=RGB_I2C-3
Removed Pin From Net: NetName=I2C2_SDA Pin=RGB_I2C-4
Removed Pin From Net: NetName=GND Pin=RGB_I2C-5
Removed Pin From Net: NetName=5V Pin=RGB_SPI-1
Removed Pin From Net: NetName=RGB_CLK Pin=RGB_SPI-2
Removed Pin From Net: NetName=RGB_MOSI Pin=RGB_SPI-3
Removed Pin From Net: NetName=RGB_MISO Pin=RGB_SPI-4
Removed Pin From Net: NetName=RGB_CS Pin=RGB_SPI-5
Removed Pin From Net: NetName=Net1_2 Pin=RGB_SPI-6
Removed Pin From Net: NetName=Net2_2 Pin=RGB_SPI-7
Removed Pin From Net: NetName=GND Pin=RGB_SPI-8
Change Component Footprint: Designator=MPU Old Footprint=HDR1X9 New Footprint=HDR1X10
Change Component Comment : Designator=MPU Old Comment=TFT New Comment=Header10
Added Component: Designator=RGB(HDR1X10)
Add component. Clean all parameters for all variants
Add component (AddParameter): Name = "LatestRevisionDate"; Value = "17-Jul-2002"; VariantName = "[No Variations]"
Add component (AddParameter): Name = "LatestRevisionNote"; Value = "Re-released for DXP Platform."; VariantName = "[No Variations]"
Add component (AddParameter): Name = "Publisher"; Value = "Altium Limited"; VariantName = "[No Variations]"
Added Pin To Net: NetName=RGB_CLK Pin=RGB-2
Added Pin To Net: NetName=RGB_MOSI Pin=RGB-3
Added Pin To Net: NetName=RGB_MISO Pin=RGB-4
Added Pin To Net: NetName=RGB_CS Pin=RGB-5
Added Pin To Net: NetName=Net1_2 Pin=RGB-6
Added Pin To Net: NetName=Net2_2 Pin=RGB-7
Added Pin To Net: NetName=I2C2_SCL Pin=RGB-8
Added Pin To Net: NetName=I2C2_SDA Pin=RGB-9
