Removed Pin From Net: NetName=mcu_3.3V Pin=F1-2
Removed Pin From Net: NetName=BUTTON1 Pin=U1-87
Removed Pin From Net: NetName=BUTTON2 Pin=U1-88
Removed Pin From Net: NetName=BUTTON3 Pin=U1-89
Removed Pin From Net: NetName=LED1 Pin=U1-90
Removed Pin From Net: NetName=LED2 Pin=U1-91
Removed Pin From Net: NetName=LED3 Pin=U1-92
Removed Pin From Net: NetName=GPIO1 Pin=U1-100
Removed Pin From Net: NetName=GPIO2 Pin=U1-101
Removed Pin From Net: NetName=GPIO3 Pin=U1-102
Removed Pin From Net: NetName=GPIO4 Pin=U1-103
Added Pin To Net: NetName=mcu_3.3V Pin=C27-2
Added Pin To Net: NetName=GPIO1 Pin=U1-87
Added Pin To Net: NetName=GPIO2 Pin=U1-88
Added Pin To Net: NetName=GPIO3 Pin=U1-89
Added Pin To Net: NetName=GPIO4 Pin=U1-90
Added Pin To Net: NetName=LED1 Pin=U1-117
Added Pin To Net: NetName=LED2 Pin=U1-118
Added Pin To Net: NetName=LED3 Pin=U1-119
Added Pin To Net: NetName=BUTTON1 Pin=U1-122
Added Pin To Net: NetName=BUTTON2 Pin=U1-123
Added Pin To Net: NetName=BUTTON3 Pin=U1-124
Added Pin To Net: NetName=mcu_3.3V Pin=U2-2
Added Pin To Net: NetName=mcu_3.3V Pin=U2-4
